<?xml version="1.0" encoding="UTF-8"?>
<!-- Generated by org.testng.reporters.JUnitReportReporter -->
<testsuite hostname="LAPTOP-DK6TK74Q" failures="0" tests="1" name="com.crm.vtigerTests.CreateOrganisationWithIndustryTest" time="53.180" errors="0" timestamp="2021-06-29T13:35:27 IST" skipped="0">
  <testcase classname="com.crm.vtigerTests.CreateOrganisationWithIndustryTest" name="createOrganisationWithIndustry" time="53.180"/>
  <system-out/>
</testsuite> <!-- com.crm.vtigerTests.CreateOrganisationWithIndustryTest -->
