<?xml version="1.0" encoding="UTF-8"?>
<!-- Generated by org.testng.reporters.JUnitReportReporter -->
<testsuite hostname="LAPTOP-DK6TK74Q" failures="0" tests="1" name="com.crm.GenericUtils.JavaUtility" time="0.018" errors="0" timestamp="2021-06-22T11:40:21 IST" skipped="0">
  <testcase classname="com.crm.GenericUtils.JavaUtility" name="getRandomData" time="0.018"/>
  <system-out/>
</testsuite> <!-- com.crm.GenericUtils.JavaUtility -->
