<?xml version="1.0" encoding="UTF-8"?>
<!-- Generated by org.testng.reporters.JUnitReportReporter -->
<testsuite hostname="LAPTOP-DK6TK74Q" failures="0" tests="1" name="practice.CreateCustomerTest" time="0.019" errors="0" timestamp="2021-06-18T12:04:36 IST" skipped="0">
  <testcase classname="practice.CreateCustomerTest" name="createCustomerTest" time="0.019"/>
  <system-out/>
</testsuite> <!-- practice.CreateCustomerTest -->
