<?xml version="1.0" encoding="UTF-8"?>
<!-- Generated by org.testng.reporters.JUnitReportReporter -->
<testsuite hostname="LAPTOP-DK6TK74Q" failures="0" tests="1" name="practice.ReadDataFromPropertiesFile" time="0.020" errors="0" timestamp="2021-06-18T12:02:58 IST" skipped="0">
  <testcase classname="practice.ReadDataFromPropertiesFile" name="readDataTest" time="0.020"/>
  <system-out/>
</testsuite> <!-- practice.ReadDataFromPropertiesFile -->
